<?xml version="1.0" encoding="UTF-8"?>
<!-- Generated by org.testng.reporters.JUnitReportReporter -->
<testsuite skipped="0" hostname="ME-D-0015" name="MavenProject.Maven.LoginPageTest" tests="2" failures="0" timestamp="26 Aug 2019 01:31:57 GMT" time="0.011" errors="0">
  <testcase name="getdata" time="0.010" classname="MavenProject.Maven.LoginPageTest"/>
  <testcase name="getdata1" time="0.001" classname="MavenProject.Maven.LoginPageTest"/>
</testsuite> <!-- MavenProject.Maven.LoginPageTest -->
