<?xml version="1.0" encoding="UTF-8"?>
<!-- Generated by org.testng.reporters.JUnitReportReporter -->
<testsuite skipped="0" hostname="ME-D-0015" name="MavenProject.Maven.HomePagetTest" tests="1" failures="0" timestamp="26 Aug 2019 05:09:06 GMT" time="0.007" errors="1">
  <testcase name="clickOnImages" time="0.007" classname="MavenProject.Maven.HomePagetTest">
    <error type="java.lang.StackOverflowError">
      <![CDATA[java.lang.StackOverflowError
at Pages.HomePage.<init>(HomePage.java:27)
at Pages.HomePage.<init>(HomePage.java:27)
at Pages.HomePage.<init>(HomePage.java:27)
at Pages.HomePage.<init>(HomePage.java:27)
at Pages.HomePage.<init>(HomePage.java:27)
at Pages.HomePage.<init>(HomePage.java:27)
at Pages.HomePage.<init>(HomePage.java:27)
at Pages.HomePage.<init>(HomePage.java:27)
at Pages.HomePage.<init>(HomePage.java:27)
at Pages.HomePage.<init>(HomePage.java:27)
at Pages.HomePage.<init>(HomePage.java:27)
at Pages.HomePage.<init>(HomePage.java:27)
at Pages.HomePage.<init>(HomePage.java:27)
at Pages.HomePage.<init>(HomePage.java:27)
at Pages.HomePage.<init>(HomePage.java:27)
at Pages.HomePage.<init>(HomePage.java:27)
at Pages.HomePage.<init>(HomePage.java:27)
at Pages.HomePage.<init>(HomePage.java:27)
at Pages.HomePage.<init>(HomePage.java:27)
at Pages.HomePage.<init>(HomePage.java:27)
at Pages.HomePage.<init>(HomePage.java:27)
at Pages.HomePage.<init>(HomePage.java:27)
at Pages.HomePage.<init>(HomePage.java:27)
at Pages.HomePage.<init>(HomePage.java:27)
at Pages.HomePage.<init>(HomePage.java:27)
at Pages.HomePage.<init>(HomePage.java:27)
at Pages.HomePage.<init>(HomePage.java:27)
at Pages.HomePage.<init>(HomePage.java:27)
at Pages.HomePage.<init>(HomePage.java:27)
at Pages.HomePage.<init>(HomePage.java:27)
at Pages.HomePage.<init>(HomePage.java:27)
at Pages.HomePage.<init>(HomePage.java:27)
at Pages.HomePage.<init>(HomePage.java:27)
at Pages.HomePage.<init>(HomePage.java:27)
at Pages.HomePage.<init>(HomePage.java:27)
at Pages.HomePage.<init>(HomePage.java:27)
at Pages.HomePage.<init>(HomePage.java:27)
at Pages.HomePage.<init>(HomePage.java:27)
at Pages.HomePage.<init>(HomePage.java:27)
at Pages.HomePage.<init>(HomePage.java:27)
at Pages.HomePage.<init>(HomePage.java:27)
at Pages.HomePage.<init>(HomePage.java:27)
at Pages.HomePage.<init>(HomePage.java:27)
at Pages.HomePage.<init>(HomePage.java:27)
at Pages.HomePage.<init>(HomePage.java:27)
at Pages.HomePage.<init>(HomePage.java:27)
at Pages.HomePage.<init>(HomePage.java:27)
at Pages.HomePage.<init>(HomePage.java:27)
at Pages.HomePage.<init>(HomePage.java:27)
at Pages.HomePage.<init>(HomePage.java:27)
at Pages.HomePage.<init>(HomePage.java:27)
at Pages.HomePage.<init>(HomePage.java:27)
at Pages.HomePage.<init>(HomePage.java:27)
at Pages.HomePage.<init>(HomePage.java:27)
at Pages.HomePage.<init>(HomePage.java:27)
at Pages.HomePage.<init>(HomePage.java:27)
at Pages.HomePage.<init>(HomePage.java:27)
at Pages.HomePage.<init>(HomePage.java:27)
at Pages.HomePage.<init>(HomePage.java:27)
at Pages.HomePage.<init>(HomePage.java:27)
at Pages.HomePage.<init>(HomePage.java:27)
at Pages.HomePage.<init>(HomePage.java:27)
at Pages.HomePage.<init>(HomePage.java:27)
at Pages.HomePage.<init>(HomePage.java:27)
at Pages.HomePage.<init>(HomePage.java:27)
at Pages.HomePage.<init>(HomePage.java:27)
at Pages.HomePage.<init>(HomePage.java:27)
at Pages.HomePage.<init>(HomePage.java:27)
at Pages.HomePage.<init>(HomePage.java:27)
at Pages.HomePage.<init>(HomePage.java:27)
at Pages.HomePage.<init>(HomePage.java:27)
at Pages.HomePage.<init>(HomePage.java:27)
at Pages.HomePage.<init>(HomePage.java:27)
at Pages.HomePage.<init>(HomePage.java:27)
at Pages.HomePage.<init>(HomePage.java:27)
at Pages.HomePage.<init>(HomePage.java:27)
at Pages.HomePage.<init>(HomePage.java:27)
at Pages.HomePage.<init>(HomePage.java:27)
at Pages.HomePage.<init>(HomePage.java:27)
at Pages.HomePage.<init>(HomePage.java:27)
at Pages.HomePage.<init>(HomePage.java:27)
at Pages.HomePage.<init>(HomePage.java:27)
at Pages.HomePage.<init>(HomePage.java:27)
at Pages.HomePage.<init>(HomePage.java:27)
at Pages.HomePage.<init>(HomePage.java:27)
at Pages.HomePage.<init>(HomePage.java:27)
at Pages.HomePage.<init>(HomePage.java:27)
at Pages.HomePage.<init>(HomePage.java:27)
at Pages.HomePage.<init>(HomePage.java:27)
at Pages.HomePage.<init>(HomePage.java:27)
at Pages.HomePage.<init>(HomePage.java:27)
at Pages.HomePage.<init>(HomePage.java:27)
at Pages.HomePage.<init>(HomePage.java:27)
at Pages.HomePage.<init>(HomePage.java:27)
at Pages.HomePage.<init>(HomePage.java:27)
at Pages.HomePage.<init>(HomePage.java:27)
at Pages.HomePage.<init>(HomePage.java:27)
at Pages.HomePage.<init>(HomePage.java:27)
at Pages.HomePage.<init>(HomePage.java:27)
at Pages.HomePage.<init>(HomePage.java:27)
at Pages.HomePage.<init>(HomePage.java:27)
at Pages.HomePage.<init>(HomePage.java:27)
at Pages.HomePage.<init>(HomePage.java:27)
at Pages.HomePage.<init>(HomePage.java:27)
at Pages.HomePage.<init>(HomePage.java:27)
at Pages.HomePage.<init>(HomePage.java:27)
at Pages.HomePage.<init>(HomePage.java:27)
at Pages.HomePage.<init>(HomePage.java:27)
at Pages.HomePage.<init>(HomePage.java:27)
at Pages.HomePage.<init>(HomePage.java:27)
at Pages.HomePage.<init>(HomePage.java:27)
at Pages.HomePage.<init>(HomePage.java:27)
at Pages.HomePage.<init>(HomePage.java:27)
at Pages.HomePage.<init>(HomePage.java:27)
at Pages.HomePage.<init>(HomePage.java:27)
at Pages.HomePage.<init>(HomePage.java:27)
at Pages.HomePage.<init>(HomePage.java:27)
at Pages.HomePage.<init>(HomePage.java:27)
at Pages.HomePage.<init>(HomePage.java:27)
at Pages.HomePage.<init>(HomePage.java:27)
at Pages.HomePage.<init>(HomePage.java:27)
at Pages.HomePage.<init>(HomePage.java:27)
at Pages.HomePage.<init>(HomePage.java:27)
at Pages.HomePage.<init>(HomePage.java:27)
at Pages.HomePage.<init>(HomePage.java:27)
at Pages.HomePage.<init>(HomePage.java:27)
at Pages.HomePage.<init>(HomePage.java:27)
at Pages.HomePage.<init>(HomePage.java:27)
at Pages.HomePage.<init>(HomePage.java:27)
at Pages.HomePage.<init>(HomePage.java:27)
at Pages.HomePage.<init>(HomePage.java:27)
at Pages.HomePage.<init>(HomePage.java:27)
at Pages.HomePage.<init>(HomePage.java:27)
at Pages.HomePage.<init>(HomePage.java:27)
at Pages.HomePage.<init>(HomePage.java:27)
at Pages.HomePage.<init>(HomePage.java:27)
at Pages.HomePage.<init>(HomePage.java:27)
at Pages.HomePage.<init>(HomePage.java:27)
at Pages.HomePage.<init>(HomePage.java:27)
at Pages.HomePage.<init>(HomePage.java:27)
at Pages.HomePage.<init>(HomePage.java:27)
at Pages.HomePage.<init>(HomePage.java:27)
at Pages.HomePage.<init>(HomePage.java:27)
at Pages.HomePage.<init>(HomePage.java:27)
at Pages.HomePage.<init>(HomePage.java:27)
at Pages.HomePage.<init>(HomePage.java:27)
at Pages.HomePage.<init>(HomePage.java:27)
at Pages.HomePage.<init>(HomePage.java:27)
at Pages.HomePage.<init>(HomePage.java:27)
at Pages.HomePage.<init>(HomePage.java:27)
at Pages.HomePage.<init>(HomePage.java:27)
at Pages.HomePage.<init>(HomePage.java:27)
at Pages.HomePage.<init>(HomePage.java:27)
at Pages.HomePage.<init>(HomePage.java:27)
at Pages.HomePage.<init>(HomePage.java:27)
at Pages.HomePage.<init>(HomePage.java:27)
at Pages.HomePage.<init>(HomePage.java:27)
at Pages.HomePage.<init>(HomePage.java:27)
at Pages.HomePage.<init>(HomePage.java:27)
at Pages.HomePage.<init>(HomePage.java:27)
at Pages.HomePage.<init>(HomePage.java:27)
at Pages.HomePage.<init>(HomePage.java:27)
at Pages.HomePage.<init>(HomePage.java:27)
at Pages.HomePage.<init>(HomePage.java:27)
at Pages.HomePage.<init>(HomePage.java:27)
at Pages.HomePage.<init>(HomePage.java:27)
at Pages.HomePage.<init>(HomePage.java:27)
at Pages.HomePage.<init>(HomePage.java:27)
at Pages.HomePage.<init>(HomePage.java:27)
at Pages.HomePage.<init>(HomePage.java:27)
at Pages.HomePage.<init>(HomePage.java:27)
at Pages.HomePage.<init>(HomePage.java:27)
at Pages.HomePage.<init>(HomePage.java:27)
at Pages.HomePage.<init>(HomePage.java:27)
at Pages.HomePage.<init>(HomePage.java:27)
at Pages.HomePage.<init>(HomePage.java:27)
at Pages.HomePage.<init>(HomePage.java:27)
at Pages.HomePage.<init>(HomePage.java:27)
at Pages.HomePage.<init>(HomePage.java:27)
at Pages.HomePage.<init>(HomePage.java:27)
at Pages.HomePage.<init>(HomePage.java:27)
at Pages.HomePage.<init>(HomePage.java:27)
at Pages.HomePage.<init>(HomePage.java:27)
at Pages.HomePage.<init>(HomePage.java:27)
at Pages.HomePage.<init>(HomePage.java:27)
at Pages.HomePage.<init>(HomePage.java:27)
at Pages.HomePage.<init>(HomePage.java:27)
at Pages.HomePage.<init>(HomePage.java:27)
at Pages.HomePage.<init>(HomePage.java:27)
at Pages.HomePage.<init>(HomePage.java:27)
at Pages.HomePage.<init>(HomePage.java:27)
at Pages.HomePage.<init>(HomePage.java:27)
at Pages.HomePage.<init>(HomePage.java:27)
at Pages.HomePage.<init>(HomePage.java:27)
at Pages.HomePage.<init>(HomePage.java:27)
at Pages.HomePage.<init>(HomePage.java:27)
at Pages.HomePage.<init>(HomePage.java:27)
at Pages.HomePage.<init>(HomePage.java:27)
at Pages.HomePage.<init>(HomePage.java:27)
at Pages.HomePage.<init>(HomePage.java:27)
at Pages.HomePage.<init>(HomePage.java:27)
at Pages.HomePage.<init>(HomePage.java:27)
at Pages.HomePage.<init>(HomePage.java:27)
at Pages.HomePage.<init>(HomePage.java:27)
at Pages.HomePage.<init>(HomePage.java:27)
at Pages.HomePage.<init>(HomePage.java:27)
at Pages.HomePage.<init>(HomePage.java:27)
at Pages.HomePage.<init>(HomePage.java:27)
at Pages.HomePage.<init>(HomePage.java:27)
at Pages.HomePage.<init>(HomePage.java:27)
at Pages.HomePage.<init>(HomePage.java:27)
at Pages.HomePage.<init>(HomePage.java:27)
at Pages.HomePage.<init>(HomePage.java:27)
at Pages.HomePage.<init>(HomePage.java:27)
at Pages.HomePage.<init>(HomePage.java:27)
at Pages.HomePage.<init>(HomePage.java:27)
at Pages.HomePage.<init>(HomePage.java:27)
at Pages.HomePage.<init>(HomePage.java:27)
at Pages.HomePage.<init>(HomePage.java:27)
at Pages.HomePage.<init>(HomePage.java:27)
at Pages.HomePage.<init>(HomePage.java:27)
at Pages.HomePage.<init>(HomePage.java:27)
at Pages.HomePage.<init>(HomePage.java:27)
at Pages.HomePage.<init>(HomePage.java:27)
at Pages.HomePage.<init>(HomePage.java:27)
at Pages.HomePage.<init>(HomePage.java:27)
at Pages.HomePage.<init>(HomePage.java:27)
at Pages.HomePage.<init>(HomePage.java:27)
at Pages.HomePage.<init>(HomePage.java:27)
at Pages.HomePage.<init>(HomePage.java:27)
at Pages.HomePage.<init>(HomePage.java:27)
at Pages.HomePage.<init>(HomePage.java:27)
at Pages.HomePage.<init>(HomePage.java:27)
at Pages.HomePage.<init>(HomePage.java:27)
at Pages.HomePage.<init>(HomePage.java:27)
at Pages.HomePage.<init>(HomePage.java:27)
at Pages.HomePage.<init>(HomePage.java:27)
at Pages.HomePage.<init>(HomePage.java:27)
at Pages.HomePage.<init>(HomePage.java:27)
at Pages.HomePage.<init>(HomePage.java:27)
at Pages.HomePage.<init>(HomePage.java:27)
at Pages.HomePage.<init>(HomePage.java:27)
at Pages.HomePage.<init>(HomePage.java:27)
at Pages.HomePage.<init>(HomePage.java:27)
at Pages.HomePage.<init>(HomePage.java:27)
at Pages.HomePage.<init>(HomePage.java:27)
at Pages.HomePage.<init>(HomePage.java:27)
at Pages.HomePage.<init>(HomePage.java:27)
at Pages.HomePage.<init>(HomePage.java:27)
at Pages.HomePage.<init>(HomePage.java:27)
at Pages.HomePage.<init>(HomePage.java:27)
at Pages.HomePage.<init>(HomePage.java:27)
at Pages.HomePage.<init>(HomePage.java:27)
at Pages.HomePage.<init>(HomePage.java:27)
at Pages.HomePage.<init>(HomePage.java:27)
at Pages.HomePage.<init>(HomePage.java:27)
at Pages.HomePage.<init>(HomePage.java:27)
at Pages.HomePage.<init>(HomePage.java:27)
at Pages.HomePage.<init>(HomePage.java:27)
at Pages.HomePage.<init>(HomePage.java:27)
at Pages.HomePage.<init>(HomePage.java:27)
at Pages.HomePage.<init>(HomePage.java:27)
at Pages.HomePage.<init>(HomePage.java:27)
at Pages.HomePage.<init>(HomePage.java:27)
at Pages.HomePage.<init>(HomePage.java:27)
at Pages.HomePage.<init>(HomePage.java:27)
at Pages.HomePage.<init>(HomePage.java:27)
at Pages.HomePage.<init>(HomePage.java:27)
at Pages.HomePage.<init>(HomePage.java:27)
at Pages.HomePage.<init>(HomePage.java:27)
at Pages.HomePage.<init>(HomePage.java:27)
at Pages.HomePage.<init>(HomePage.java:27)
at Pages.HomePage.<init>(HomePage.java:27)
at Pages.HomePage.<init>(HomePage.java:27)
at Pages.HomePage.<init>(HomePage.java:27)
at Pages.HomePage.<init>(HomePage.java:27)
at Pages.HomePage.<init>(HomePage.java:27)
at Pages.HomePage.<init>(HomePage.java:27)
at Pages.HomePage.<init>(HomePage.java:27)
at Pages.HomePage.<init>(HomePage.java:27)
at Pages.HomePage.<init>(HomePage.java:27)
at Pages.HomePage.<init>(HomePage.java:27)
at Pages.HomePage.<init>(HomePage.java:27)
at Pages.HomePage.<init>(HomePage.java:27)
at Pages.HomePage.<init>(HomePage.java:27)
at Pages.HomePage.<init>(HomePage.java:27)
at Pages.HomePage.<init>(HomePage.java:27)
at Pages.HomePage.<init>(HomePage.java:27)
at Pages.HomePage.<init>(HomePage.java:27)
at Pages.HomePage.<init>(HomePage.java:27)
at Pages.HomePage.<init>(HomePage.java:27)
at Pages.HomePage.<init>(HomePage.java:27)
at Pages.HomePage.<init>(HomePage.java:27)
at Pages.HomePage.<init>(HomePage.java:27)
at Pages.HomePage.<init>(HomePage.java:27)
at Pages.HomePage.<init>(HomePage.java:27)
at Pages.HomePage.<init>(HomePage.java:27)
at Pages.HomePage.<init>(HomePage.java:27)
at Pages.HomePage.<init>(HomePage.java:27)
at Pages.HomePage.<init>(HomePage.java:27)
at Pages.HomePage.<init>(HomePage.java:27)
at Pages.HomePage.<init>(HomePage.java:27)
at Pages.HomePage.<init>(HomePage.java:27)
at Pages.HomePage.<init>(HomePage.java:27)
at Pages.HomePage.<init>(HomePage.java:27)
at Pages.HomePage.<init>(HomePage.java:27)
at Pages.HomePage.<init>(HomePage.java:27)
at Pages.HomePage.<init>(HomePage.java:27)
at Pages.HomePage.<init>(HomePage.java:27)
at Pages.HomePage.<init>(HomePage.java:27)
at Pages.HomePage.<init>(HomePage.java:27)
at Pages.HomePage.<init>(HomePage.java:27)
at Pages.HomePage.<init>(HomePage.java:27)
at Pages.HomePage.<init>(HomePage.java:27)
at Pages.HomePage.<init>(HomePage.java:27)
at Pages.HomePage.<init>(HomePage.java:27)
at Pages.HomePage.<init>(HomePage.java:27)
at Pages.HomePage.<init>(HomePage.java:27)
at Pages.HomePage.<init>(HomePage.java:27)
at Pages.HomePage.<init>(HomePage.java:27)
at Pages.HomePage.<init>(HomePage.java:27)
at Pages.HomePage.<init>(HomePage.java:27)
at Pages.HomePage.<init>(HomePage.java:27)
at Pages.HomePage.<init>(HomePage.java:27)
at Pages.HomePage.<init>(HomePage.java:27)
at Pages.HomePage.<init>(HomePage.java:27)
at Pages.HomePage.<init>(HomePage.java:27)
at Pages.HomePage.<init>(HomePage.java:27)
at Pages.HomePage.<init>(HomePage.java:27)
at Pages.HomePage.<init>(HomePage.java:27)
at Pages.HomePage.<init>(HomePage.java:27)
at Pages.HomePage.<init>(HomePage.java:27)
at Pages.HomePage.<init>(HomePage.java:27)
at Pages.HomePage.<init>(HomePage.java:27)
at Pages.HomePage.<init>(HomePage.java:27)
at Pages.HomePage.<init>(HomePage.java:27)
at Pages.HomePage.<init>(HomePage.java:27)
at Pages.HomePage.<init>(HomePage.java:27)
at Pages.HomePage.<init>(HomePage.java:27)
at Pages.HomePage.<init>(HomePage.java:27)
at Pages.HomePage.<init>(HomePage.java:27)
at Pages.HomePage.<init>(HomePage.java:27)
at Pages.HomePage.<init>(HomePage.java:27)
at Pages.HomePage.<init>(HomePage.java:27)
at Pages.HomePage.<init>(HomePage.java:27)
at Pages.HomePage.<init>(HomePage.java:27)
at Pages.HomePage.<init>(HomePage.java:27)
at Pages.HomePage.<init>(HomePage.java:27)
at Pages.HomePage.<init>(HomePage.java:27)
at Pages.HomePage.<init>(HomePage.java:27)
at Pages.HomePage.<init>(HomePage.java:27)
at Pages.HomePage.<init>(HomePage.java:27)
at Pages.HomePage.<init>(HomePage.java:27)
at Pages.HomePage.<init>(HomePage.java:27)
at Pages.HomePage.<init>(HomePage.java:27)
at Pages.HomePage.<init>(HomePage.java:27)
at Pages.HomePage.<init>(HomePage.java:27)
at Pages.HomePage.<init>(HomePage.java:27)
at Pages.HomePage.<init>(HomePage.java:27)
at Pages.HomePage.<init>(HomePage.java:27)
at Pages.HomePage.<init>(HomePage.java:27)
at Pages.HomePage.<init>(HomePage.java:27)
at Pages.HomePage.<init>(HomePage.java:27)
at Pages.HomePage.<init>(HomePage.java:27)
at Pages.HomePage.<init>(HomePage.java:27)
at Pages.HomePage.<init>(HomePage.java:27)
at Pages.HomePage.<init>(HomePage.java:27)
at Pages.HomePage.<init>(HomePage.java:27)
at Pages.HomePage.<init>(HomePage.java:27)
at Pages.HomePage.<init>(HomePage.java:27)
at Pages.HomePage.<init>(HomePage.java:27)
at Pages.HomePage.<init>(HomePage.java:27)
at Pages.HomePage.<init>(HomePage.java:27)
at Pages.HomePage.<init>(HomePage.java:27)
at Pages.HomePage.<init>(HomePage.java:27)
at Pages.HomePage.<init>(HomePage.java:27)
at Pages.HomePage.<init>(HomePage.java:27)
at Pages.HomePage.<init>(HomePage.java:27)
at Pages.HomePage.<init>(HomePage.java:27)
at Pages.HomePage.<init>(HomePage.java:27)
at Pages.HomePage.<init>(HomePage.java:27)
at Pages.HomePage.<init>(HomePage.java:27)
at Pages.HomePage.<init>(HomePage.java:27)
at Pages.HomePage.<init>(HomePage.java:27)
at Pages.HomePage.<init>(HomePage.java:27)
at Pages.HomePage.<init>(HomePage.java:27)
at Pages.HomePage.<init>(HomePage.java:27)
at Pages.HomePage.<init>(HomePage.java:27)
at Pages.HomePage.<init>(HomePage.java:27)
at Pages.HomePage.<init>(HomePage.java:27)
at Pages.HomePage.<init>(HomePage.java:27)
at Pages.HomePage.<init>(HomePage.java:27)
at Pages.HomePage.<init>(HomePage.java:27)
at Pages.HomePage.<init>(HomePage.java:27)
at Pages.HomePage.<init>(HomePage.java:27)
at Pages.HomePage.<init>(HomePage.java:27)
at Pages.HomePage.<init>(HomePage.java:27)
at Pages.HomePage.<init>(HomePage.java:27)
at Pages.HomePage.<init>(HomePage.java:27)
at Pages.HomePage.<init>(HomePage.java:27)
at Pages.HomePage.<init>(HomePage.java:27)
at Pages.HomePage.<init>(HomePage.java:27)
at Pages.HomePage.<init>(HomePage.java:27)
at Pages.HomePage.<init>(HomePage.java:27)
at Pages.HomePage.<init>(HomePage.java:27)
at Pages.HomePage.<init>(HomePage.java:27)
at Pages.HomePage.<init>(HomePage.java:27)
at Pages.HomePage.<init>(HomePage.java:27)
at Pages.HomePage.<init>(HomePage.java:27)
at Pages.HomePage.<init>(HomePage.java:27)
at Pages.HomePage.<init>(HomePage.java:27)
at Pages.HomePage.<init>(HomePage.java:27)
at Pages.HomePage.<init>(HomePage.java:27)
at Pages.HomePage.<init>(HomePage.java:27)
at Pages.HomePage.<init>(HomePage.java:27)
at Pages.HomePage.<init>(HomePage.java:27)
at Pages.HomePage.<init>(HomePage.java:27)
at Pages.HomePage.<init>(HomePage.java:27)
at Pages.HomePage.<init>(HomePage.java:27)
at Pages.HomePage.<init>(HomePage.java:27)
at Pages.HomePage.<init>(HomePage.java:27)
at Pages.HomePage.<init>(HomePage.java:27)
at Pages.HomePage.<init>(HomePage.java:27)
at Pages.HomePage.<init>(HomePage.java:27)
at Pages.HomePage.<init>(HomePage.java:27)
at Pages.HomePage.<init>(HomePage.java:27)
at Pages.HomePage.<init>(HomePage.java:27)
at Pages.HomePage.<init>(HomePage.java:27)
at Pages.HomePage.<init>(HomePage.java:27)
at Pages.HomePage.<init>(HomePage.java:27)
at Pages.HomePage.<init>(HomePage.java:27)
at Pages.HomePage.<init>(HomePage.java:27)
at Pages.HomePage.<init>(HomePage.java:27)
at Pages.HomePage.<init>(HomePage.java:27)
at Pages.HomePage.<init>(HomePage.java:27)
at Pages.HomePage.<init>(HomePage.java:27)
at Pages.HomePage.<init>(HomePage.java:27)
at Pages.HomePage.<init>(HomePage.java:27)
at Pages.HomePage.<init>(HomePage.java:27)
at Pages.HomePage.<init>(HomePage.java:27)
at Pages.HomePage.<init>(HomePage.java:27)
at Pages.HomePage.<init>(HomePage.java:27)
at Pages.HomePage.<init>(HomePage.java:27)
at Pages.HomePage.<init>(HomePage.java:27)
at Pages.HomePage.<init>(HomePage.java:27)
at Pages.HomePage.<init>(HomePage.java:27)
at Pages.HomePage.<init>(HomePage.java:27)
at Pages.HomePage.<init>(HomePage.java:27)
at Pages.HomePage.<init>(HomePage.java:27)
at Pages.HomePage.<init>(HomePage.java:27)
at Pages.HomePage.<init>(HomePage.java:27)
at Pages.HomePage.<init>(HomePage.java:27)
at Pages.HomePage.<init>(HomePage.java:27)
at Pages.HomePage.<init>(HomePage.java:27)
at Pages.HomePage.<init>(HomePage.java:27)
at Pages.HomePage.<init>(HomePage.java:27)
at Pages.HomePage.<init>(HomePage.java:27)
at Pages.HomePage.<init>(HomePage.java:27)
at Pages.HomePage.<init>(HomePage.java:27)
at Pages.HomePage.<init>(HomePage.java:27)
at Pages.HomePage.<init>(HomePage.java:27)
at Pages.HomePage.<init>(HomePage.java:27)
at Pages.HomePage.<init>(HomePage.java:27)
at Pages.HomePage.<init>(HomePage.java:27)
at Pages.HomePage.<init>(HomePage.java:27)
at Pages.HomePage.<init>(HomePage.java:27)
at Pages.HomePage.<init>(HomePage.java:27)
at Pages.HomePage.<init>(HomePage.java:27)
at Pages.HomePage.<init>(HomePage.java:27)
at Pages.HomePage.<init>(HomePage.java:27)
at Pages.HomePage.<init>(HomePage.java:27)
at Pages.HomePage.<init>(HomePage.java:27)
at Pages.HomePage.<init>(HomePage.java:27)
at Pages.HomePage.<init>(HomePage.java:27)
at Pages.HomePage.<init>(HomePage.java:27)
at Pages.HomePage.<init>(HomePage.java:27)
at Pages.HomePage.<init>(HomePage.java:27)
at Pages.HomePage.<init>(HomePage.java:27)
at Pages.HomePage.<init>(HomePage.java:27)
at Pages.HomePage.<init>(HomePage.java:27)
at Pages.HomePage.<init>(HomePage.java:27)
at Pages.HomePage.<init>(HomePage.java:27)
at Pages.HomePage.<init>(HomePage.java:27)
at Pages.HomePage.<init>(HomePage.java:27)
at Pages.HomePage.<init>(HomePage.java:27)
at Pages.HomePage.<init>(HomePage.java:27)
at Pages.HomePage.<init>(HomePage.java:27)
at Pages.HomePage.<init>(HomePage.java:27)
at Pages.HomePage.<init>(HomePage.java:27)
at Pages.HomePage.<init>(HomePage.java:27)
at Pages.HomePage.<init>(HomePage.java:27)
at Pages.HomePage.<init>(HomePage.java:27)
at Pages.HomePage.<init>(HomePage.java:27)
at Pages.HomePage.<init>(HomePage.java:27)
at Pages.HomePage.<init>(HomePage.java:27)
at Pages.HomePage.<init>(HomePage.java:27)
at Pages.HomePage.<init>(HomePage.java:27)
at Pages.HomePage.<init>(HomePage.java:27)
at Pages.HomePage.<init>(HomePage.java:27)
at Pages.HomePage.<init>(HomePage.java:27)
at Pages.HomePage.<init>(HomePage.java:27)
at Pages.HomePage.<init>(HomePage.java:27)
at Pages.HomePage.<init>(HomePage.java:27)
at Pages.HomePage.<init>(HomePage.java:27)
at Pages.HomePage.<init>(HomePage.java:27)
at Pages.HomePage.<init>(HomePage.java:27)
at Pages.HomePage.<init>(HomePage.java:27)
at Pages.HomePage.<init>(HomePage.java:27)
at Pages.HomePage.<init>(HomePage.java:27)
at Pages.HomePage.<init>(HomePage.java:27)
at Pages.HomePage.<init>(HomePage.java:27)
at Pages.HomePage.<init>(HomePage.java:27)
at Pages.HomePage.<init>(HomePage.java:27)
at Pages.HomePage.<init>(HomePage.java:27)
at Pages.HomePage.<init>(HomePage.java:27)
at Pages.HomePage.<init>(HomePage.java:27)
at Pages.HomePage.<init>(HomePage.java:27)
at Pages.HomePage.<init>(HomePage.java:27)
at Pages.HomePage.<init>(HomePage.java:27)
at Pages.HomePage.<init>(HomePage.java:27)
at Pages.HomePage.<init>(HomePage.java:27)
at Pages.HomePage.<init>(HomePage.java:27)
at Pages.HomePage.<init>(HomePage.java:27)
at Pages.HomePage.<init>(HomePage.java:27)
at Pages.HomePage.<init>(HomePage.java:27)
at Pages.HomePage.<init>(HomePage.java:27)
at Pages.HomePage.<init>(HomePage.java:27)
at Pages.HomePage.<init>(HomePage.java:27)
at Pages.HomePage.<init>(HomePage.java:27)
at Pages.HomePage.<init>(HomePage.java:27)
at Pages.HomePage.<init>(HomePage.java:27)
at Pages.HomePage.<init>(HomePage.java:27)
at Pages.HomePage.<init>(HomePage.java:27)
at Pages.HomePage.<init>(HomePage.java:27)
at Pages.HomePage.<init>(HomePage.java:27)
at Pages.HomePage.<init>(HomePage.java:27)
at Pages.HomePage.<init>(HomePage.java:27)
at Pages.HomePage.<init>(HomePage.java:27)
at Pages.HomePage.<init>(HomePage.java:27)
at Pages.HomePage.<init>(HomePage.java:27)
at Pages.HomePage.<init>(HomePage.java:27)
at Pages.HomePage.<init>(HomePage.java:27)
at Pages.HomePage.<init>(HomePage.java:27)
at Pages.HomePage.<init>(HomePage.java:27)
at Pages.HomePage.<init>(HomePage.java:27)
at Pages.HomePage.<init>(HomePage.java:27)
at Pages.HomePage.<init>(HomePage.java:27)
at Pages.HomePage.<init>(HomePage.java:27)
at Pages.HomePage.<init>(HomePage.java:27)
at Pages.HomePage.<init>(HomePage.java:27)
at Pages.HomePage.<init>(HomePage.java:27)
at Pages.HomePage.<init>(HomePage.java:27)
at Pages.HomePage.<init>(HomePage.java:27)
at Pages.HomePage.<init>(HomePage.java:27)
at Pages.HomePage.<init>(HomePage.java:27)
at Pages.HomePage.<init>(HomePage.java:27)
at Pages.HomePage.<init>(HomePage.java:27)
at Pages.HomePage.<init>(HomePage.java:27)
at Pages.HomePage.<init>(HomePage.java:27)
at Pages.HomePage.<init>(HomePage.java:27)
at Pages.HomePage.<init>(HomePage.java:27)
at Pages.HomePage.<init>(HomePage.java:27)
at Pages.HomePage.<init>(HomePage.java:27)
at Pages.HomePage.<init>(HomePage.java:27)
at Pages.HomePage.<init>(HomePage.java:27)
at Pages.HomePage.<init>(HomePage.java:27)
at Pages.HomePage.<init>(HomePage.java:27)
at Pages.HomePage.<init>(HomePage.java:27)
at Pages.HomePage.<init>(HomePage.java:27)
at Pages.HomePage.<init>(HomePage.java:27)
at Pages.HomePage.<init>(HomePage.java:27)
at Pages.HomePage.<init>(HomePage.java:27)
at Pages.HomePage.<init>(HomePage.java:27)
at Pages.HomePage.<init>(HomePage.java:27)
at Pages.HomePage.<init>(HomePage.java:27)
at Pages.HomePage.<init>(HomePage.java:27)
at Pages.HomePage.<init>(HomePage.java:27)
at Pages.HomePage.<init>(HomePage.java:27)
at Pages.HomePage.<init>(HomePage.java:27)
at Pages.HomePage.<init>(HomePage.java:27)
at Pages.HomePage.<init>(HomePage.java:27)
at Pages.HomePage.<init>(HomePage.java:27)
at Pages.HomePage.<init>(HomePage.java:27)
at Pages.HomePage.<init>(HomePage.java:27)
at Pages.HomePage.<init>(HomePage.java:27)
at Pages.HomePage.<init>(HomePage.java:27)
at Pages.HomePage.<init>(HomePage.java:27)
at Pages.HomePage.<init>(HomePage.java:27)
at Pages.HomePage.<init>(HomePage.java:27)
at Pages.HomePage.<init>(HomePage.java:27)
at Pages.HomePage.<init>(HomePage.java:27)
at Pages.HomePage.<init>(HomePage.java:27)
at Pages.HomePage.<init>(HomePage.java:27)
at Pages.HomePage.<init>(HomePage.java:27)
at Pages.HomePage.<init>(HomePage.java:27)
at Pages.HomePage.<init>(HomePage.java:27)
at Pages.HomePage.<init>(HomePage.java:27)
at Pages.HomePage.<init>(HomePage.java:27)
at Pages.HomePage.<init>(HomePage.java:27)
at Pages.HomePage.<init>(HomePage.java:27)
at Pages.HomePage.<init>(HomePage.java:27)
at Pages.HomePage.<init>(HomePage.java:27)
at Pages.HomePage.<init>(HomePage.java:27)
at Pages.HomePage.<init>(HomePage.java:27)
at Pages.HomePage.<init>(HomePage.java:27)
at Pages.HomePage.<init>(HomePage.java:27)
at Pages.HomePage.<init>(HomePage.java:27)
at Pages.HomePage.<init>(HomePage.java:27)
at Pages.HomePage.<init>(HomePage.java:27)
at Pages.HomePage.<init>(HomePage.java:27)
at Pages.HomePage.<init>(HomePage.java:27)
at Pages.HomePage.<init>(HomePage.java:27)
at Pages.HomePage.<init>(HomePage.java:27)
at Pages.HomePage.<init>(HomePage.java:27)
at Pages.HomePage.<init>(HomePage.java:27)
at Pages.HomePage.<init>(HomePage.java:27)
at Pages.HomePage.<init>(HomePage.java:27)
at Pages.HomePage.<init>(HomePage.java:27)
at Pages.HomePage.<init>(HomePage.java:27)
at Pages.HomePage.<init>(HomePage.java:27)
at Pages.HomePage.<init>(HomePage.java:27)
at Pages.HomePage.<init>(HomePage.java:27)
at Pages.HomePage.<init>(HomePage.java:27)
at Pages.HomePage.<init>(HomePage.java:27)
at Pages.HomePage.<init>(HomePage.java:27)
at Pages.HomePage.<init>(HomePage.java:27)
at Pages.HomePage.<init>(HomePage.java:27)
at Pages.HomePage.<init>(HomePage.java:27)
at Pages.HomePage.<init>(HomePage.java:27)
at Pages.HomePage.<init>(HomePage.java:27)
at Pages.HomePage.<init>(HomePage.java:27)
at Pages.HomePage.<init>(HomePage.java:27)
at Pages.HomePage.<init>(HomePage.java:27)
at Pages.HomePage.<init>(HomePage.java:27)
at Pages.HomePage.<init>(HomePage.java:27)
at Pages.HomePage.<init>(HomePage.java:27)
at Pages.HomePage.<init>(HomePage.java:27)
at Pages.HomePage.<init>(HomePage.java:27)
at Pages.HomePage.<init>(HomePage.java:27)
at Pages.HomePage.<init>(HomePage.java:27)
at Pages.HomePage.<init>(HomePage.java:27)
at Pages.HomePage.<init>(HomePage.java:27)
at Pages.HomePage.<init>(HomePage.java:27)
at Pages.HomePage.<init>(HomePage.java:27)
at Pages.HomePage.<init>(HomePage.java:27)
at Pages.HomePage.<init>(HomePage.java:27)
at Pages.HomePage.<init>(HomePage.java:27)
at Pages.HomePage.<init>(HomePage.java:27)
at Pages.HomePage.<init>(HomePage.java:27)
at Pages.HomePage.<init>(HomePage.java:27)
at Pages.HomePage.<init>(HomePage.java:27)
at Pages.HomePage.<init>(HomePage.java:27)
at Pages.HomePage.<init>(HomePage.java:27)
at Pages.HomePage.<init>(HomePage.java:27)
at Pages.HomePage.<init>(HomePage.java:27)
at Pages.HomePage.<init>(HomePage.java:27)
at Pages.HomePage.<init>(HomePage.java:27)
at Pages.HomePage.<init>(HomePage.java:27)
at Pages.HomePage.<init>(HomePage.java:27)
at Pages.HomePage.<init>(HomePage.java:27)
at Pages.HomePage.<init>(HomePage.java:27)
at Pages.HomePage.<init>(HomePage.java:27)
at Pages.HomePage.<init>(HomePage.java:27)
at Pages.HomePage.<init>(HomePage.java:27)
at Pages.HomePage.<init>(HomePage.java:27)
at Pages.HomePage.<init>(HomePage.java:27)
at Pages.HomePage.<init>(HomePage.java:27)
at Pages.HomePage.<init>(HomePage.java:27)
at Pages.HomePage.<init>(HomePage.java:27)
at Pages.HomePage.<init>(HomePage.java:27)
at Pages.HomePage.<init>(HomePage.java:27)
at Pages.HomePage.<init>(HomePage.java:27)
at Pages.HomePage.<init>(HomePage.java:27)
at Pages.HomePage.<init>(HomePage.java:27)
at Pages.HomePage.<init>(HomePage.java:27)
at Pages.HomePage.<init>(HomePage.java:27)
at Pages.HomePage.<init>(HomePage.java:27)
at Pages.HomePage.<init>(HomePage.java:27)
at Pages.HomePage.<init>(HomePage.java:27)
at Pages.HomePage.<init>(HomePage.java:27)
at Pages.HomePage.<init>(HomePage.java:27)
at Pages.HomePage.<init>(HomePage.java:27)
at Pages.HomePage.<init>(HomePage.java:27)
at Pages.HomePage.<init>(HomePage.java:27)
at Pages.HomePage.<init>(HomePage.java:27)
at Pages.HomePage.<init>(HomePage.java:27)
at Pages.HomePage.<init>(HomePage.java:27)
at Pages.HomePage.<init>(HomePage.java:27)
at Pages.HomePage.<init>(HomePage.java:27)
at Pages.HomePage.<init>(HomePage.java:27)
at Pages.HomePage.<init>(HomePage.java:27)
at Pages.HomePage.<init>(HomePage.java:27)
at Pages.HomePage.<init>(HomePage.java:27)
at Pages.HomePage.<init>(HomePage.java:27)
at Pages.HomePage.<init>(HomePage.java:27)
at Pages.HomePage.<init>(HomePage.java:27)
at Pages.HomePage.<init>(HomePage.java:27)
at Pages.HomePage.<init>(HomePage.java:27)
at Pages.HomePage.<init>(HomePage.java:27)
at Pages.HomePage.<init>(HomePage.java:27)
at Pages.HomePage.<init>(HomePage.java:27)
at Pages.HomePage.<init>(HomePage.java:27)
at Pages.HomePage.<init>(HomePage.java:27)
at Pages.HomePage.<init>(HomePage.java:27)
at Pages.HomePage.<init>(HomePage.java:27)
at Pages.HomePage.<init>(HomePage.java:27)
at Pages.HomePage.<init>(HomePage.java:27)
at Pages.HomePage.<init>(HomePage.java:27)
at Pages.HomePage.<init>(HomePage.java:27)
at Pages.HomePage.<init>(HomePage.java:27)
at Pages.HomePage.<init>(HomePage.java:27)
at Pages.HomePage.<init>(HomePage.java:27)
at Pages.HomePage.<init>(HomePage.java:27)
at Pages.HomePage.<init>(HomePage.java:27)
at Pages.HomePage.<init>(HomePage.java:27)
at Pages.HomePage.<init>(HomePage.java:27)
at Pages.HomePage.<init>(HomePage.java:27)
at Pages.HomePage.<init>(HomePage.java:27)
at Pages.HomePage.<init>(HomePage.java:27)
at Pages.HomePage.<init>(HomePage.java:27)
at Pages.HomePage.<init>(HomePage.java:27)
at Pages.HomePage.<init>(HomePage.java:27)
at Pages.HomePage.<init>(HomePage.java:27)
at Pages.HomePage.<init>(HomePage.java:27)
at Pages.HomePage.<init>(HomePage.java:27)
at Pages.HomePage.<init>(HomePage.java:27)
at Pages.HomePage.<init>(HomePage.java:27)
at Pages.HomePage.<init>(HomePage.java:27)
at Pages.HomePage.<init>(HomePage.java:27)
at Pages.HomePage.<init>(HomePage.java:27)
at Pages.HomePage.<init>(HomePage.java:27)
at Pages.HomePage.<init>(HomePage.java:27)
at Pages.HomePage.<init>(HomePage.java:27)
at Pages.HomePage.<init>(HomePage.java:27)
at Pages.HomePage.<init>(HomePage.java:27)
at Pages.HomePage.<init>(HomePage.java:27)
at Pages.HomePage.<init>(HomePage.java:27)
at Pages.HomePage.<init>(HomePage.java:27)
at Pages.HomePage.<init>(HomePage.java:27)
at Pages.HomePage.<init>(HomePage.java:27)
at Pages.HomePage.<init>(HomePage.java:27)
at Pages.HomePage.<init>(HomePage.java:27)
at Pages.HomePage.<init>(HomePage.java:27)
at Pages.HomePage.<init>(HomePage.java:27)
at Pages.HomePage.<init>(HomePage.java:27)
at Pages.HomePage.<init>(HomePage.java:27)
at Pages.HomePage.<init>(HomePage.java:27)
at Pages.HomePage.<init>(HomePage.java:27)
at Pages.HomePage.<init>(HomePage.java:27)
at Pages.HomePage.<init>(HomePage.java:27)
at Pages.HomePage.<init>(HomePage.java:27)
at Pages.HomePage.<init>(HomePage.java:27)
at Pages.HomePage.<init>(HomePage.java:27)
at Pages.HomePage.<init>(HomePage.java:27)
at Pages.HomePage.<init>(HomePage.java:27)
at Pages.HomePage.<init>(HomePage.java:27)
at Pages.HomePage.<init>(HomePage.java:27)
at Pages.HomePage.<init>(HomePage.java:27)
at Pages.HomePage.<init>(HomePage.java:27)
at Pages.HomePage.<init>(HomePage.java:27)
at Pages.HomePage.<init>(HomePage.java:27)
at Pages.HomePage.<init>(HomePage.java:27)
at Pages.HomePage.<init>(HomePage.java:27)
at Pages.HomePage.<init>(HomePage.java:27)
at Pages.HomePage.<init>(HomePage.java:27)
at Pages.HomePage.<init>(HomePage.java:27)
at Pages.HomePage.<init>(HomePage.java:27)
at Pages.HomePage.<init>(HomePage.java:27)
at Pages.HomePage.<init>(HomePage.java:27)
at Pages.HomePage.<init>(HomePage.java:27)
at Pages.HomePage.<init>(HomePage.java:27)
at Pages.HomePage.<init>(HomePage.java:27)
at Pages.HomePage.<init>(HomePage.java:27)
at Pages.HomePage.<init>(HomePage.java:27)
at Pages.HomePage.<init>(HomePage.java:27)
at Pages.HomePage.<init>(HomePage.java:27)
at Pages.HomePage.<init>(HomePage.java:27)
at Pages.HomePage.<init>(HomePage.java:27)
at Pages.HomePage.<init>(HomePage.java:27)
at Pages.HomePage.<init>(HomePage.java:27)
at Pages.HomePage.<init>(HomePage.java:27)
at Pages.HomePage.<init>(HomePage.java:27)
at Pages.HomePage.<init>(HomePage.java:27)
at Pages.HomePage.<init>(HomePage.java:27)
at Pages.HomePage.<init>(HomePage.java:27)
at Pages.HomePage.<init>(HomePage.java:27)
at Pages.HomePage.<init>(HomePage.java:27)
at Pages.HomePage.<init>(HomePage.java:27)
at Pages.HomePage.<init>(HomePage.java:27)
at Pages.HomePage.<init>(HomePage.java:27)
at Pages.HomePage.<init>(HomePage.java:27)
at Pages.HomePage.<init>(HomePage.java:27)
at Pages.HomePage.<init>(HomePage.java:27)
at Pages.HomePage.<init>(HomePage.java:27)
at Pages.HomePage.<init>(HomePage.java:27)
at Pages.HomePage.<init>(HomePage.java:27)
at Pages.HomePage.<init>(HomePage.java:27)
at Pages.HomePage.<init>(HomePage.java:27)
at Pages.HomePage.<init>(HomePage.java:27)
at Pages.HomePage.<init>(HomePage.java:27)
at Pages.HomePage.<init>(HomePage.java:27)
at Pages.HomePage.<init>(HomePage.java:27)
at Pages.HomePage.<init>(HomePage.java:27)
at Pages.HomePage.<init>(HomePage.java:27)
at Pages.HomePage.<init>(HomePage.java:27)
at Pages.HomePage.<init>(HomePage.java:27)
at Pages.HomePage.<init>(HomePage.java:27)
at Pages.HomePage.<init>(HomePage.java:27)
at Pages.HomePage.<init>(HomePage.java:27)
at Pages.HomePage.<init>(HomePage.java:27)
at Pages.HomePage.<init>(HomePage.java:27)
at Pages.HomePage.<init>(HomePage.java:27)
at Pages.HomePage.<init>(HomePage.java:27)
at Pages.HomePage.<init>(HomePage.java:27)
at Pages.HomePage.<init>(HomePage.java:27)
at Pages.HomePage.<init>(HomePage.java:27)
at Pages.HomePage.<init>(HomePage.java:27)
at Pages.HomePage.<init>(HomePage.java:27)
at Pages.HomePage.<init>(HomePage.java:27)
at Pages.HomePage.<init>(HomePage.java:27)
at Pages.HomePage.<init>(HomePage.java:27)
at Pages.HomePage.<init>(HomePage.java:27)
at Pages.HomePage.<init>(HomePage.java:27)
at Pages.HomePage.<init>(HomePage.java:27)
at Pages.HomePage.<init>(HomePage.java:27)
at Pages.HomePage.<init>(HomePage.java:27)
at Pages.HomePage.<init>(HomePage.java:27)
at Pages.HomePage.<init>(HomePage.java:27)
at Pages.HomePage.<init>(HomePage.java:27)
at Pages.HomePage.<init>(HomePage.java:27)
at Pages.HomePage.<init>(HomePage.java:27)
at Pages.HomePage.<init>(HomePage.java:27)
at Pages.HomePage.<init>(HomePage.java:27)
at Pages.HomePage.<init>(HomePage.java:27)
at Pages.HomePage.<init>(HomePage.java:27)
at Pages.HomePage.<init>(HomePage.java:27)
at Pages.HomePage.<init>(HomePage.java:27)
at Pages.HomePage.<init>(HomePage.java:27)
at Pages.HomePage.<init>(HomePage.java:27)
at Pages.HomePage.<init>(HomePage.java:27)
at Pages.HomePage.<init>(HomePage.java:27)
at Pages.HomePage.<init>(HomePage.java:27)
at Pages.HomePage.<init>(HomePage.java:27)
at Pages.HomePage.<init>(HomePage.java:27)
at Pages.HomePage.<init>(HomePage.java:27)
at Pages.HomePage.<init>(HomePage.java:27)
at Pages.HomePage.<init>(HomePage.java:27)
at Pages.HomePage.<init>(HomePage.java:27)
at Pages.HomePage.<init>(HomePage.java:27)
at Pages.HomePage.<init>(HomePage.java:27)
at Pages.HomePage.<init>(HomePage.java:27)
at Pages.HomePage.<init>(HomePage.java:27)
at Pages.HomePage.<init>(HomePage.java:27)
at Pages.HomePage.<init>(HomePage.java:27)
at Pages.HomePage.<init>(HomePage.java:27)
at Pages.HomePage.<init>(HomePage.java:27)
at Pages.HomePage.<init>(HomePage.java:27)
at Pages.HomePage.<init>(HomePage.java:27)
at Pages.HomePage.<init>(HomePage.java:27)
at Pages.HomePage.<init>(HomePage.java:27)
at Pages.HomePage.<init>(HomePage.java:27)
at Pages.HomePage.<init>(HomePage.java:27)
at Pages.HomePage.<init>(HomePage.java:27)
at Pages.HomePage.<init>(HomePage.java:27)
at Pages.HomePage.<init>(HomePage.java:27)
at Pages.HomePage.<init>(HomePage.java:27)
at Pages.HomePage.<init>(HomePage.java:27)
at Pages.HomePage.<init>(HomePage.java:27)
at Pages.HomePage.<init>(HomePage.java:27)
at Pages.HomePage.<init>(HomePage.java:27)
at Pages.HomePage.<init>(HomePage.java:27)
at Pages.HomePage.<init>(HomePage.java:27)
at Pages.HomePage.<init>(HomePage.java:27)
at Pages.HomePage.<init>(HomePage.java:27)
at Pages.HomePage.<init>(HomePage.java:27)
at Pages.HomePage.<init>(HomePage.java:27)
at Pages.HomePage.<init>(HomePage.java:27)
at Pages.HomePage.<init>(HomePage.java:27)
at Pages.HomePage.<init>(HomePage.java:27)
at Pages.HomePage.<init>(HomePage.java:27)
at Pages.HomePage.<init>(HomePage.java:27)
at Pages.HomePage.<init>(HomePage.java:27)
at Pages.HomePage.<init>(HomePage.java:27)
at Pages.HomePage.<init>(HomePage.java:27)
at Pages.HomePage.<init>(HomePage.java:27)
at Pages.HomePage.<init>(HomePage.java:27)
at Pages.HomePage.<init>(HomePage.java:27)
at Pages.HomePage.<init>(HomePage.java:27)
at Pages.HomePage.<init>(HomePage.java:27)
at Pages.HomePage.<init>(HomePage.java:27)
at Pages.HomePage.<init>(HomePage.java:27)
at Pages.HomePage.<init>(HomePage.java:27)
at Pages.HomePage.<init>(HomePage.java:27)
at Pages.HomePage.<init>(HomePage.java:27)
at Pages.HomePage.<init>(HomePage.java:27)
at Pages.HomePage.<init>(HomePage.java:27)
at Pages.HomePage.<init>(HomePage.java:27)
at Pages.HomePage.<init>(HomePage.java:27)
at Pages.HomePage.<init>(HomePage.java:27)
at Pages.HomePage.<init>(HomePage.java:27)
at Pages.HomePage.<init>(HomePage.java:27)
at Pages.HomePage.<init>(HomePage.java:27)
at Pages.HomePage.<init>(HomePage.java:27)
at Pages.HomePage.<init>(HomePage.java:27)
at Pages.HomePage.<init>(HomePage.java:27)
at Pages.HomePage.<init>(HomePage.java:27)
at Pages.HomePage.<init>(HomePage.java:27)
at Pages.HomePage.<init>(HomePage.java:27)
at Pages.HomePage.<init>(HomePage.java:27)
at Pages.HomePage.<init>(HomePage.java:27)
at Pages.HomePage.<init>(HomePage.java:27)
at Pages.HomePage.<init>(HomePage.java:27)
at Pages.HomePage.<init>(HomePage.java:27)
at Pages.HomePage.<init>(HomePage.java:27)
at Pages.HomePage.<init>(HomePage.java:27)
at Pages.HomePage.<init>(HomePage.java:27)
at Pages.HomePage.<init>(HomePage.java:27)
at Pages.HomePage.<init>(HomePage.java:27)
at Pages.HomePage.<init>(HomePage.java:27)
at Pages.HomePage.<init>(HomePage.java:27)
at Pages.HomePage.<init>(HomePage.java:27)
at Pages.HomePage.<init>(HomePage.java:27)
at Pages.HomePage.<init>(HomePage.java:27)
at Pages.HomePage.<init>(HomePage.java:27)
at Pages.HomePage.<init>(HomePage.java:27)
at Pages.HomePage.<init>(HomePage.java:27)
at Pages.HomePage.<init>(HomePage.java:27)
at Pages.HomePage.<init>(HomePage.java:27)
at Pages.HomePage.<init>(HomePage.java:27)
at Pages.HomePage.<init>(HomePage.java:27)
at Pages.HomePage.<init>(HomePage.java:27)
at Pages.HomePage.<init>(HomePage.java:27)
at Pages.HomePage.<init>(HomePage.java:27)
at Pages.HomePage.<init>(HomePage.java:27)
at Pages.HomePage.<init>(HomePage.java:27)
at Pages.HomePage.<init>(HomePage.java:27)
at Pages.HomePage.<init>(HomePage.java:27)
at Pages.HomePage.<init>(HomePage.java:27)
at Pages.HomePage.<init>(HomePage.java:27)
at Pages.HomePage.<init>(HomePage.java:27)
at Pages.HomePage.<init>(HomePage.java:27)
at Pages.HomePage.<init>(HomePage.java:27)
at Pages.HomePage.<init>(HomePage.java:27)
at Pages.HomePage.<init>(HomePage.java:27)
at Pages.HomePage.<init>(HomePage.java:27)
at Pages.HomePage.<init>(HomePage.java:27)
at Pages.HomePage.<init>(HomePage.java:27)
at Pages.HomePage.<init>(HomePage.java:27)
at Pages.HomePage.<init>(HomePage.java:27)
at Pages.HomePage.<init>(HomePage.java:27)
at Pages.HomePage.<init>(HomePage.java:27)
at Pages.HomePage.<init>(HomePage.java:27)
at Pages.HomePage.<init>(HomePage.java:27)
at Pages.HomePage.<init>(HomePage.java:27)
at Pages.HomePage.<init>(HomePage.java:27)
at Pages.HomePage.<init>(HomePage.java:27)
at Pages.HomePage.<init>(HomePage.java:27)
at Pages.HomePage.<init>(HomePage.java:27)
at Pages.HomePage.<init>(HomePage.java:27)
at Pages.HomePage.<init>(HomePage.java:27)
at Pages.HomePage.<init>(HomePage.java:27)
at Pages.HomePage.<init>(HomePage.java:27)
at Pages.HomePage.<init>(HomePage.java:27)
at Pages.HomePage.<init>(HomePage.java:27)
at Pages.HomePage.<init>(HomePage.java:27)
at Pages.HomePage.<init>(HomePage.java:27)
at Pages.HomePage.<init>(HomePage.java:27)
at Pages.HomePage.<init>(HomePage.java:27)
at Pages.HomePage.<init>(HomePage.java:27)
at Pages.HomePage.<init>(HomePage.java:27)
at Pages.HomePage.<init>(HomePage.java:27)
at Pages.HomePage.<init>(HomePage.java:27)
at Pages.HomePage.<init>(HomePage.java:27)
at Pages.HomePage.<init>(HomePage.java:27)
at Pages.HomePage.<init>(HomePage.java:27)
at Pages.HomePage.<init>(HomePage.java:27)
at Pages.HomePage.<init>(HomePage.java:27)
at Pages.HomePage.<init>(HomePage.java:27)
at Pages.HomePage.<init>(HomePage.java:27)
at Pages.HomePage.<init>(HomePage.java:27)
at Pages.HomePage.<init>(HomePage.java:27)
at Pages.HomePage.<init>(HomePage.java:27)
at Pages.HomePage.<init>(HomePage.java:27)
at Pages.HomePage.<init>(HomePage.java:27)
at Pages.HomePage.<init>(HomePage.java:27)
at Pages.HomePage.<init>(HomePage.java:27)
at Pages.HomePage.<init>(HomePage.java:27)
at Pages.HomePage.<init>(HomePage.java:27)
at Pages.HomePage.<init>(HomePage.java:27)
at Pages.HomePage.<init>(HomePage.java:27)
at Pages.HomePage.<init>(HomePage.java:27)
at Pages.HomePage.<init>(HomePage.java:27)
at Pages.HomePage.<init>(HomePage.java:27)
at Pages.HomePage.<init>(HomePage.java:27)
at Pages.HomePage.<init>(HomePage.java:27)
at Pages.HomePage.<init>(HomePage.java:27)
at Pages.HomePage.<init>(HomePage.java:27)
at Pages.HomePage.<init>(HomePage.java:27)
at Pages.HomePage.<init>(HomePage.java:27)
at Pages.HomePage.<init>(HomePage.java:27)
at Pages.HomePage.<init>(HomePage.java:27)
at Pages.HomePage.<init>(HomePage.java:27)
at Pages.HomePage.<init>(HomePage.java:27)
at Pages.HomePage.<init>(HomePage.java:27)
at Pages.HomePage.<init>(HomePage.java:27)
at Pages.HomePage.<init>(HomePage.java:27)
at Pages.HomePage.<init>(HomePage.java:27)
at Pages.HomePage.<init>(HomePage.java:27)
at Pages.HomePage.<init>(HomePage.java:27)
at Pages.HomePage.<init>(HomePage.java:27)
at Pages.HomePage.<init>(HomePage.java:27)
at Pages.HomePage.<init>(HomePage.java:27)
at Pages.HomePage.<init>(HomePage.java:27)
at Pages.HomePage.<init>(HomePage.java:27)
at Pages.HomePage.<init>(HomePage.java:27)
at Pages.HomePage.<init>(HomePage.java:27)
at Pages.HomePage.<init>(HomePage.java:27)
at Pages.HomePage.<init>(HomePage.java:27)
at Pages.HomePage.<init>(HomePage.java:27)
at Pages.HomePage.<init>(HomePage.java:27)
at Pages.HomePage.<init>(HomePage.java:27)
at Pages.HomePage.<init>(HomePage.java:27)
at Pages.HomePage.<init>(HomePage.java:27)
at Pages.HomePage.<init>(HomePage.java:27)
]]>
    </error>
  </testcase> <!-- clickOnImages -->
</testsuite> <!-- MavenProject.Maven.HomePagetTest -->
