<?xml version="1.0" encoding="UTF-8"?>
<!-- Generated by org.testng.reporters.JUnitReportReporter -->
<testsuite skipped="0" hostname="ME-D-0015" name="MavenProject.Maven.HomePagetTest" tests="5" failures="0" timestamp="27 Aug 2019 03:13:21 GMT" time="4.978" errors="0">
  <testcase name="ClickOnPageObject" time="0.119" classname="MavenProject.Maven.HomePagetTest"/>
  <testcase name="SwitchToChildWindow" time="4.066" classname="MavenProject.Maven.HomePagetTest"/>
  <testcase name="clickOnFindOutMore" time="0.075" classname="MavenProject.Maven.HomePagetTest"/>
  <testcase name="clickOnAlterCloseButton" time="0.679" classname="MavenProject.Maven.HomePagetTest"/>
  <testcase name="SwitchToParentWindow" time="0.039" classname="MavenProject.Maven.HomePagetTest"/>
</testsuite> <!-- MavenProject.Maven.HomePagetTest -->
